1653101123893	geckodriver	INFO	Listening on 127.0.0.1:49763
1653101123937	mozrunner::runner	INFO	Running command: "/usr/bin/firefox" "--marionette" "--remote-debugging-port" "46573" "--remote-allow-hosts" "localhost" "-no-remote" "-profile" "/tmp/rust_mozprofileu7rxnQ"
console.error: Enterprise Policies: 
  Error parsing JSON file: SyntaxError: JSON.parse: expected double-quoted property name at line 16 column 5 of the JSON data
1653101124138	Marionette	INFO	Marionette enabled
console.warn: SearchSettings: "get: No settings file exists, new profile?" (new NotFoundError("Could not open the file at /tmp/rust_mozprofileu7rxnQ/search.json.mozlz4", (void 0)))
DevTools listening on ws://localhost:46573/devtools/browser/c1502599-628d-46cd-ad00-26323311bdf5
1653101125091	Marionette	INFO	Listening on port 37771
1653101125174	RemoteAgent	WARN	TLS certificate errors will be ignored for this session
1653101127975	Marionette	INFO	Stopped listening on port 37771
JavaScript error: resource:///modules/Interactions.jsm, line 209: NS_ERROR_FAILURE: Component returned failure code: 0x80004005 (NS_ERROR_FAILURE) [nsIUserIdleService.removeIdleObserver]
!!! error running onStopped callback: TypeError: callback is not a function

###!!! [Parent][RunMessage] Error: Channel closing: too late to send/recv, messages will be lost

1653101128156	RemoteAgent	ERROR	unable to stop listener: [Exception... "Component returned failure code: 0x8000ffff (NS_ERROR_UNEXPECTED) [nsIWindowMediator.getEnumerator]"  nsresult: "0x8000ffff (NS_ERROR_UNEXPECTED)"  location: "JS frame :: chrome://remote/content/cdp/observers/TargetObserver.jsm :: stop :: line 64"  data: no] Stack trace: stop()@TargetObserver.jsm:64
unwatchForTabs()@TargetList.jsm:70
unwatchForTargets()@TargetList.jsm:37
destructor()@TargetList.jsm:109
stop()@CDP.jsm:104
close()@RemoteAgent.jsm:138
1653101480480	geckodriver	INFO	Listening on 127.0.0.1:54275
1653101480527	mozrunner::runner	INFO	Running command: "/usr/bin/firefox" "--marionette" "--remote-debugging-port" "52263" "--remote-allow-hosts" "localhost" "-no-remote" "-profile" "/tmp/rust_mozprofileFllQQm"
console.error: Enterprise Policies: 
  Error parsing JSON file: SyntaxError: JSON.parse: expected double-quoted property name at line 16 column 5 of the JSON data
1653101480723	Marionette	INFO	Marionette enabled
console.warn: SearchSettings: "get: No settings file exists, new profile?" (new NotFoundError("Could not open the file at /tmp/rust_mozprofileFllQQm/search.json.mozlz4", (void 0)))
DevTools listening on ws://localhost:52263/devtools/browser/6ff93136-b16b-45ef-a949-ae8b1f9a7152
1653101481696	Marionette	INFO	Listening on port 43219
1653101481761	RemoteAgent	WARN	TLS certificate errors will be ignored for this session
1653101497507	Marionette	INFO	Stopped listening on port 43219
JavaScript error: resource:///modules/Interactions.jsm, line 209: NS_ERROR_FAILURE: Component returned failure code: 0x80004005 (NS_ERROR_FAILURE) [nsIUserIdleService.removeIdleObserver]
!!! error running onStopped callback: TypeError: callback is not a function

###!!! [Parent][RunMessage] Error: Channel closing: too late to send/recv, messages will be lost

1653101497686	RemoteAgent	ERROR	unable to stop listener: [Exception... "Component returned failure code: 0x8000ffff (NS_ERROR_UNEXPECTED) [nsIWindowMediator.getEnumerator]"  nsresult: "0x8000ffff (NS_ERROR_UNEXPECTED)"  location: "JS frame :: chrome://remote/content/cdp/observers/TargetObserver.jsm :: stop :: line 64"  data: no] Stack trace: stop()@TargetObserver.jsm:64
unwatchForTabs()@TargetList.jsm:70
unwatchForTargets()@TargetList.jsm:37
destructor()@TargetList.jsm:109
stop()@CDP.jsm:104
close()@RemoteAgent.jsm:138
1653101508729	geckodriver	INFO	Listening on 127.0.0.1:47125
1653101508777	mozrunner::runner	INFO	Running command: "/usr/bin/firefox" "--marionette" "--remote-debugging-port" "33841" "--remote-allow-hosts" "localhost" "-no-remote" "-profile" "/tmp/rust_mozprofilekrMa60"
console.error: Enterprise Policies: 
  Error parsing JSON file: SyntaxError: JSON.parse: expected double-quoted property name at line 16 column 5 of the JSON data
1653101508972	Marionette	INFO	Marionette enabled
console.warn: SearchSettings: "get: No settings file exists, new profile?" (new NotFoundError("Could not open the file at /tmp/rust_mozprofilekrMa60/search.json.mozlz4", (void 0)))
DevTools listening on ws://localhost:33841/devtools/browser/30d74c68-67af-409d-8524-622e0ea4340d
1653101509959	Marionette	INFO	Listening on port 33221
1653101510012	RemoteAgent	WARN	TLS certificate errors will be ignored for this session
1653101510028	geckodriver	INFO	Listening on 127.0.0.1:43343
1653101510064	mozrunner::runner	INFO	Running command: "/usr/bin/firefox" "--marionette" "--remote-debugging-port" "58521" "--remote-allow-hosts" "localhost" "-no-remote" "-profile" "/tmp/rust_mozprofilep7b0QS"
console.error: Enterprise Policies: 
  Error parsing JSON file: SyntaxError: JSON.parse: expected double-quoted property name at line 16 column 5 of the JSON data
1653101510287	Marionette	INFO	Marionette enabled
console.warn: SearchSettings: "get: No settings file exists, new profile?" (new NotFoundError("Could not open the file at /tmp/rust_mozprofilep7b0QS/search.json.mozlz4", (void 0)))
DevTools listening on ws://localhost:58521/devtools/browser/e4f6f750-4792-48c1-9147-2bf220e73cc4
1653101511183	Marionette	INFO	Listening on port 44141
1653101511211	RemoteAgent	WARN	TLS certificate errors will be ignored for this session
1653101522413	Marionette	INFO	Stopped listening on port 33221
JavaScript error: resource:///modules/Interactions.jsm, line 209: NS_ERROR_FAILURE: Component returned failure code: 0x80004005 (NS_ERROR_FAILURE) [nsIUserIdleService.removeIdleObserver]
!!! error running onStopped callback: TypeError: callback is not a function

###!!! [Parent][RunMessage] Error: Channel closing: too late to send/recv, messages will be lost

1653101522590	RemoteAgent	ERROR	unable to stop listener: [Exception... "Component returned failure code: 0x8000ffff (NS_ERROR_UNEXPECTED) [nsIWindowMediator.getEnumerator]"  nsresult: "0x8000ffff (NS_ERROR_UNEXPECTED)"  location: "JS frame :: chrome://remote/content/cdp/observers/TargetObserver.jsm :: stop :: line 64"  data: no] Stack trace: stop()@TargetObserver.jsm:64
unwatchForTabs()@TargetList.jsm:70
unwatchForTargets()@TargetList.jsm:37
destructor()@TargetList.jsm:109
stop()@CDP.jsm:104
close()@RemoteAgent.jsm:138
1653101523601	Marionette	INFO	Stopped listening on port 44141
JavaScript error: resource:///modules/Interactions.jsm, line 209: NS_ERROR_FAILURE: Component returned failure code: 0x80004005 (NS_ERROR_FAILURE) [nsIUserIdleService.removeIdleObserver]
!!! error running onStopped callback: TypeError: callback is not a function

###!!! [Parent][RunMessage] Error: Channel closing: too late to send/recv, messages will be lost

1653101523783	RemoteAgent	ERROR	unable to stop listener: [Exception... "Component returned failure code: 0x8000ffff (NS_ERROR_UNEXPECTED) [nsIWindowMediator.getEnumerator]"  nsresult: "0x8000ffff (NS_ERROR_UNEXPECTED)"  location: "JS frame :: chrome://remote/content/cdp/observers/TargetObserver.jsm :: stop :: line 64"  data: no] Stack trace: stop()@TargetObserver.jsm:64
unwatchForTabs()@TargetList.jsm:70
unwatchForTargets()@TargetList.jsm:37
destructor()@TargetList.jsm:109
stop()@CDP.jsm:104
close()@RemoteAgent.jsm:138
1653101629927	geckodriver	INFO	Listening on 127.0.0.1:57101
1653101629974	mozrunner::runner	INFO	Running command: "/usr/bin/firefox" "--marionette" "--remote-debugging-port" "48283" "--remote-allow-hosts" "localhost" "-no-remote" "-profile" "/tmp/rust_mozprofilesemi5N"
console.error: Enterprise Policies: 
  Error parsing JSON file: SyntaxError: JSON.parse: expected double-quoted property name at line 16 column 5 of the JSON data
1653101630191	Marionette	INFO	Marionette enabled
console.warn: SearchSettings: "get: No settings file exists, new profile?" (new NotFoundError("Could not open the file at /tmp/rust_mozprofilesemi5N/search.json.mozlz4", (void 0)))
DevTools listening on ws://localhost:48283/devtools/browser/2ed1697a-dd2f-4148-a8f5-9ef53c170084
1653101631112	Marionette	INFO	Listening on port 35787
1653101631210	RemoteAgent	WARN	TLS certificate errors will be ignored for this session
1653101631226	geckodriver	INFO	Listening on 127.0.0.1:36081
1653101631270	mozrunner::runner	INFO	Running command: "/usr/bin/firefox" "--marionette" "--remote-debugging-port" "49321" "--remote-allow-hosts" "localhost" "-no-remote" "-profile" "/tmp/rust_mozprofilefQRiMl"
console.error: Enterprise Policies: 
  Error parsing JSON file: SyntaxError: JSON.parse: expected double-quoted property name at line 16 column 5 of the JSON data
1653101631478	Marionette	INFO	Marionette enabled
console.warn: SearchSettings: "get: No settings file exists, new profile?" (new NotFoundError("Could not open the file at /tmp/rust_mozprofilefQRiMl/search.json.mozlz4", (void 0)))
console.error: services.settings: 
  main/query-stripping Signature failed  InvalidSignatureError: Invalid content signature (main/query-stripping)
console.error: services.settings: 
  main/query-stripping local data was corrupted
console.warn: services.settings: main/query-stripping Signature verified failed. Retry from scratch
console.error: services.settings: 
  main/query-stripping Signature failed again InvalidSignatureError: Invalid content signature (main/query-stripping)
DevTools listening on ws://localhost:49321/devtools/browser/8d1f7f69-c94a-4e86-9352-2db2612e8547
1653101632415	Marionette	INFO	Listening on port 44549
1653101632512	RemoteAgent	WARN	TLS certificate errors will be ignored for this session
1653101633734	Marionette	INFO	Stopped listening on port 44549
JavaScript error: resource:///modules/Interactions.jsm, line 209: NS_ERROR_FAILURE: Component returned failure code: 0x80004005 (NS_ERROR_FAILURE) [nsIUserIdleService.removeIdleObserver]
!!! error running onStopped callback: TypeError: callback is not a function

###!!! [Parent][RunMessage] Error: Channel closing: too late to send/recv, messages will be lost

1653101633917	RemoteAgent	ERROR	unable to stop listener: [Exception... "Component returned failure code: 0x8000ffff (NS_ERROR_UNEXPECTED) [nsIWindowMediator.getEnumerator]"  nsresult: "0x8000ffff (NS_ERROR_UNEXPECTED)"  location: "JS frame :: chrome://remote/content/cdp/observers/TargetObserver.jsm :: stop :: line 64"  data: no] Stack trace: stop()@TargetObserver.jsm:64
unwatchForTabs()@TargetList.jsm:70
unwatchForTargets()@TargetList.jsm:37
destructor()@TargetList.jsm:109
stop()@CDP.jsm:104
close()@RemoteAgent.jsm:138
1653101634850	Marionette	INFO	Stopped listening on port 35787
JavaScript error: resource:///modules/Interactions.jsm, line 209: NS_ERROR_FAILURE: Component returned failure code: 0x80004005 (NS_ERROR_FAILURE) [nsIUserIdleService.removeIdleObserver]
!!! error running onStopped callback: TypeError: callback is not a function

###!!! [Parent][RunMessage] Error: Channel closing: too late to send/recv, messages will be lost

1653101635033	RemoteAgent	ERROR	unable to stop listener: [Exception... "Component returned failure code: 0x8000ffff (NS_ERROR_UNEXPECTED) [nsIWindowMediator.getEnumerator]"  nsresult: "0x8000ffff (NS_ERROR_UNEXPECTED)"  location: "JS frame :: chrome://remote/content/cdp/observers/TargetObserver.jsm :: stop :: line 64"  data: no] Stack trace: stop()@TargetObserver.jsm:64
unwatchForTabs()@TargetList.jsm:70
unwatchForTargets()@TargetList.jsm:37
destructor()@TargetList.jsm:109
stop()@CDP.jsm:104
close()@RemoteAgent.jsm:138
1653101925002	geckodriver	INFO	Listening on 127.0.0.1:44253
1653101925047	mozrunner::runner	INFO	Running command: "/usr/bin/firefox" "--marionette" "--remote-debugging-port" "45477" "--remote-allow-hosts" "localhost" "-no-remote" "-profile" "/tmp/rust_mozprofile6EvSwz"
console.error: Enterprise Policies: 
  Error parsing JSON file: SyntaxError: JSON.parse: expected double-quoted property name at line 16 column 5 of the JSON data
1653101925274	Marionette	INFO	Marionette enabled
console.warn: SearchSettings: "get: No settings file exists, new profile?" (new NotFoundError("Could not open the file at /tmp/rust_mozprofile6EvSwz/search.json.mozlz4", (void 0)))
console.error: services.settings: 
  main/query-stripping Signature failed  InvalidSignatureError: Invalid content signature (main/query-stripping)
console.error: services.settings: 
  main/query-stripping local data was corrupted
console.warn: services.settings: main/query-stripping Signature verified failed. Retry from scratch
console.error: services.settings: 
  main/query-stripping Signature failed again InvalidSignatureError: Invalid content signature (main/query-stripping)
DevTools listening on ws://localhost:45477/devtools/browser/1705df1a-6e77-4b01-bfe0-ec923e4e9ee6
1653101926166	Marionette	INFO	Listening on port 46229
1653101926183	RemoteAgent	WARN	TLS certificate errors will be ignored for this session
1653101930534	Marionette	INFO	Stopped listening on port 46229
JavaScript error: resource:///modules/Interactions.jsm, line 209: NS_ERROR_FAILURE: Component returned failure code: 0x80004005 (NS_ERROR_FAILURE) [nsIUserIdleService.removeIdleObserver]
!!! error running onStopped callback: TypeError: callback is not a function

###!!! [Parent][RunMessage] Error: Channel closing: too late to send/recv, messages will be lost

1653101930719	RemoteAgent	ERROR	unable to stop listener: [Exception... "Component returned failure code: 0x8000ffff (NS_ERROR_UNEXPECTED) [nsIWindowMediator.getEnumerator]"  nsresult: "0x8000ffff (NS_ERROR_UNEXPECTED)"  location: "JS frame :: chrome://remote/content/cdp/observers/TargetObserver.jsm :: stop :: line 64"  data: no] Stack trace: stop()@TargetObserver.jsm:64
unwatchForTabs()@TargetList.jsm:70
unwatchForTargets()@TargetList.jsm:37
destructor()@TargetList.jsm:109
stop()@CDP.jsm:104
close()@RemoteAgent.jsm:138
1653102071070	geckodriver	INFO	Listening on 127.0.0.1:54979
1653102071117	mozrunner::runner	INFO	Running command: "/usr/bin/firefox" "--marionette" "--remote-debugging-port" "55207" "--remote-allow-hosts" "localhost" "-no-remote" "-profile" "/tmp/rust_mozprofileLaujnn"
console.error: Enterprise Policies: 
  Error parsing JSON file: SyntaxError: JSON.parse: expected double-quoted property name at line 16 column 5 of the JSON data
1653102071333	Marionette	INFO	Marionette enabled
console.warn: SearchSettings: "get: No settings file exists, new profile?" (new NotFoundError("Could not open the file at /tmp/rust_mozprofileLaujnn/search.json.mozlz4", (void 0)))
DevTools listening on ws://localhost:55207/devtools/browser/83a9bd00-d6be-47f0-b51e-e55e316f9479
1653102072293	Marionette	INFO	Listening on port 46649
1653102072353	RemoteAgent	WARN	TLS certificate errors will be ignored for this session
1653102077711	Marionette	INFO	Stopped listening on port 46649
JavaScript error: resource:///modules/Interactions.jsm, line 209: NS_ERROR_FAILURE: Component returned failure code: 0x80004005 (NS_ERROR_FAILURE) [nsIUserIdleService.removeIdleObserver]
!!! error running onStopped callback: TypeError: callback is not a function

###!!! [Parent][RunMessage] Error: Channel closing: too late to send/recv, messages will be lost

1653102077895	RemoteAgent	ERROR	unable to stop listener: [Exception... "Component returned failure code: 0x8000ffff (NS_ERROR_UNEXPECTED) [nsIWindowMediator.getEnumerator]"  nsresult: "0x8000ffff (NS_ERROR_UNEXPECTED)"  location: "JS frame :: chrome://remote/content/cdp/observers/TargetObserver.jsm :: stop :: line 64"  data: no] Stack trace: stop()@TargetObserver.jsm:64
unwatchForTabs()@TargetList.jsm:70
unwatchForTargets()@TargetList.jsm:37
destructor()@TargetList.jsm:109
stop()@CDP.jsm:104
close()@RemoteAgent.jsm:138
